TN:
SF:src\pages\detail.tsx
FN:18,(anonymous_0)
FN:23,(anonymous_1)
FN:33,(anonymous_2)
FN:46,(anonymous_3)
FNF:4
FNH:4
FNDA:9,(anonymous_0)
FNDA:2,(anonymous_1)
FNDA:3,(anonymous_2)
FNDA:1,(anonymous_3)
DA:1,2
DA:2,2
DA:3,2
DA:4,2
DA:5,2
DA:18,2
DA:19,9
DA:20,8
DA:21,8
DA:23,8
DA:24,2
DA:25,2
DA:26,2
DA:29,8
DA:30,8
DA:31,8
DA:33,8
DA:34,3
DA:35,1
DA:36,1
DA:40,2
DA:41,2
DA:42,2
DA:46,8
DA:47,1
DA:49,8
DA:50,8
DA:51,8
DA:87,2
LF:29
LH:29
BRDA:34,0,0,1
BRDA:34,0,1,2
BRDA:72,1,0,3
BRDA:72,1,1,5
BRDA:74,2,0,8
BRDA:74,2,1,3
BRDA:76,3,0,1
BRDA:76,3,1,2
BRDA:77,4,0,1
BRDA:77,4,1,2
BRF:10
BRH:10
end_of_record
TN:
SF:src\pages\homepage.tsx
FN:20,Homepage
FN:24,(anonymous_1)
FN:35,(anonymous_2)
FN:46,(anonymous_3)
FNF:4
FNH:4
FNDA:10,Homepage
FNDA:4,(anonymous_1)
FNDA:2,(anonymous_2)
FNDA:2,(anonymous_3)
DA:1,3
DA:2,3
DA:3,3
DA:4,3
DA:5,3
DA:8,3
DA:21,10
DA:22,10
DA:24,10
DA:25,4
DA:26,4
DA:27,4
DA:28,1
DA:31,3
DA:35,10
DA:36,2
DA:37,2
DA:38,2
DA:39,1
DA:42,1
DA:46,10
DA:47,2
DA:50,10
DA:51,10
DA:110,3
LF:25
LH:25
BRDA:27,0,0,1
BRDA:27,0,1,3
BRDA:38,1,0,1
BRDA:38,1,1,1
BRDA:98,2,0,6
BRDA:98,2,1,4
BRF:6
BRH:6
end_of_record
