TN:
SF:src\pages\detail.tsx
FN:18,(anonymous_0)
FN:23,(anonymous_1)
FN:33,(anonymous_2)
FN:46,(anonymous_3)
FNF:4
FNH:4
FNDA:5,(anonymous_0)
FNDA:1,(anonymous_1)
FNDA:2,(anonymous_2)
FNDA:1,(anonymous_3)
DA:1,2
DA:2,2
DA:3,2
DA:4,2
DA:5,2
DA:18,2
DA:19,5
DA:20,5
DA:21,5
DA:23,5
DA:24,1
DA:25,1
DA:26,1
DA:29,5
DA:30,5
DA:31,5
DA:33,5
DA:34,2
DA:35,1
DA:36,1
DA:40,1
DA:41,1
DA:42,1
DA:46,5
DA:47,1
DA:49,5
DA:51,5
DA:87,2
LF:28
LH:28
BRDA:34,0,0,1
BRDA:34,0,1,1
BRDA:72,1,0,1
BRDA:72,1,1,4
BRDA:74,2,0,5
BRDA:74,2,1,1
BRDA:76,3,0,1
BRDA:76,3,1,0
BRDA:77,4,0,1
BRDA:77,4,1,0
BRF:10
BRH:8
end_of_record
TN:
SF:src\pages\homepage.tsx
FN:20,Homepage
FN:24,(anonymous_1)
FN:35,(anonymous_2)
FN:46,(anonymous_3)
FNF:4
FNH:4
FNDA:10,Homepage
FNDA:4,(anonymous_1)
FNDA:2,(anonymous_2)
FNDA:2,(anonymous_3)
DA:1,3
DA:2,3
DA:3,3
DA:4,3
DA:5,3
DA:8,3
DA:21,10
DA:22,10
DA:24,10
DA:25,4
DA:26,4
DA:27,4
DA:28,1
DA:31,3
DA:35,10
DA:36,2
DA:37,2
DA:38,2
DA:39,1
DA:42,1
DA:46,10
DA:47,2
DA:50,10
DA:51,10
DA:110,3
LF:25
LH:25
BRDA:27,0,0,1
BRDA:27,0,1,3
BRDA:38,1,0,1
BRDA:38,1,1,1
BRDA:98,2,0,6
BRDA:98,2,1,4
BRF:6
BRH:6
end_of_record
